commit 4159ff8931ec20603f062d5eb929e65cb15c43e0
Merge: 37ededc fbeb9bd
Author: Kyle Kimery <kylekimery@utexas.edu>
Date:   Tue Jan 31 16:06:13 2017 -0600

    Updated TestCollatz.out to settle merge conflict

commit fbeb9bdb496c84c4732918dfb6000a0c7591438b
Author: Kyle Kimery <kylekimery@utexas.edu>
Date:   Tue Jan 31 16:03:20 2017 -0600

    Created updated Collatz.html

commit 1dac52783c6af5e4a761c3f17ea90a0b9e3d244c
Author: Kyle Kimery <kylekimery@utexas.edu>
Date:   Tue Jan 31 15:25:01 2017 -0600

    Added detailed comments and documentation

commit 3b9e213121d4fbfc4199e39a4c45d02f6231c5ac
Author: Kyle Kimery <kylekimery@utexas.edu>
Date:   Tue Jan 31 13:34:02 2017 -0600

    Small formatting tweaks

commit 847c070a9870e4cab3767a90cd33ade16dd258f5
Author: Kyle Kimery <kylekimery@utexas.edu>
Date:   Tue Jan 31 12:41:34 2017 -0600

    Cleaned up repo, created Collatz.html

commit edd406607a0aaf171bb8c2d4bc9532b6a92857fd
Author: Kyle Kimery <kylekimery@utexas.edu>
Date:   Mon Jan 30 17:16:04 2017 -0600

    Fixed redundant code in Collatz.py, added tests

commit a734969f04d11530cc881262a7aedaaa0c1b5360
Author: Kyle Kimery <kylekimery@utexas.edu>
Date:   Mon Jan 30 16:39:45 2017 -0600

    Created over 100 tests in RunCollatz.in

commit 0aea57f99bff38f0d498b59f49f12e3f4dfde685
Author: Kyle Kimery <kylekimery@utexas.edu>
Date:   Mon Jan 30 15:42:02 2017 -0600

    Fixed unit tests in RunCollatz.in

commit 7c30e7d38fe9ff89156e4efefffa07a9a07be446
Author: Kyle Kimery <kylekimery@utexas.edu>
Date:   Mon Jan 30 15:33:20 2017 -0600

    Fixed test functions in TestCollatz.py

commit c29a02aac394b462b9ea2ddce096157932ab91b9
Author: Kyle Kimery <kylekimery@utexas.edu>
Date:   Mon Jan 30 02:04:03 2017 -0600

    Success on Sphere with Collatz optimizations

commit 990a827c694f6fc9bd36d3a7e907bbebe81539a9
Author: Kyle Kimery <kylekimery@utexas.edu>
Date:   Sat Jan 28 18:58:40 2017 -0600

    Small bug fixes after Sphere submission

commit 50324faa6cf62547b16fb963f18f80193017e39d
Author: Kyle Kimery <kylekimery@utexas.edu>
Date:   Sat Jan 28 18:08:08 2017 -0600

    Created 100,000 value cache

commit 5e0f59552e1c5805331fb6b67d4245211cddd9bf
Author: Kyle Kimery <kylekimery@utexas.edu>
Date:   Sat Jan 28 17:12:54 2017 -0600

    Added additional cache

commit ee606f11f3e4bd640e45975d462e00f9f45c132c
Author: Kyle Kimery <kylekimery@utexas.edu>
Date:   Sat Jan 28 16:33:06 2017 -0600

    Created cache for select values longer than 120 steps

commit e0a9b446509e271fdfdbf8857b4107f79bd227b6
Author: Kyle Kimery <kylekimery@utexas.edu>
Date:   Fri Jan 27 13:47:19 2017 -0600

    Added validy checking to preconditions

commit 9bd59b10f87174d472e023b6195fb73a11f34e74
Author: Kyle Kimery <kylekimery@utexas.edu>
Date:   Fri Jan 27 13:11:05 2017 -0600

    created working Collatz solver (basic)

commit 8b26f3228ceba22ad0ada56a5cc8fa589c140560
Author: Kyle Kimery <kylekimery@utexas.edu>
Date:   Fri Jan 27 12:31:47 2017 -0600

    Ran Coverage, 100% coverage achieved. Failures expected

commit 37ededce90bbef16853d7480d86e589cf1f2e5f6
Author: Kyle Kimery <kylekimery@utexas.edu>
Date:   Fri Jan 27 12:03:37 2017 -0600

    failed test

commit 444e97952a48b5f7e07ea65661a79da531f1a79f
Author: Kyle Kimery <kylekimery@utexas.edu>
Date:   Fri Jan 27 11:55:33 2017 -0600

    Corrected unit tests. Confirmed failures as expected.

commit fade12537827a80fde9ca7e24e6908697d6a4848
Author: Kyle Kimery <kylekimery@utexas.edu>
Date:   Wed Jan 25 15:21:10 2017 -0600

    updated makefile from public repo

commit 4043b4e9f753e07c4838e3a3e93babcd4803d860
Author: Kyle Kimery <kylekimery@utexas.edu>
Date:   Tue Jan 24 19:39:09 2017 -0600

    updated .travis.yml to match the public version

commit 09b6d2c5f2d8d52407f0c0e5ba7eb5392826d5ef
Author: Kyle Kimery <kylekimery@utexas.edu>
Date:   Tue Jan 24 19:27:09 2017 -0600

    Edited .travis.yml, commented out pytest

commit 586582819946ff2342c46e5e0d3fb7da5bdc7e18
Author: Kyle Kimery <kylekimery@utexas.edu>
Date:   Tue Jan 24 19:10:42 2017 -0600

    added all files from the public repo

commit 6b1d242d89e4932ab3f478cad35eea53cb1f4d76
Author: Kyle Kimery <kylekimery@utexas.edu>
Date:   Tue Jan 24 19:09:41 2017 -0600

    Readded .travis.yml pytest scripts

commit 69e433ea7d5b7198e497087d98d1629527ea0c69
Author: Kyle Kimery <kylekimery@utexas.edu>
Date:   Tue Jan 24 19:07:29 2017 -0600

    Edited .travis.yml to comment out pytest scripts

commit d91ad65eb8af135abc11e65a06657282e0d03b2a
Author: Kyle Kimery <kylekimery@utexas.edu>
Date:   Tue Jan 24 19:05:44 2017 -0600

    Edited .travis.yml file to try and build coverage

commit 15d53830c10dc246bc29c6de77189224e55867f1
Author: Kyle Kimery <kylekimery@utexas.edu>
Date:   Tue Jan 24 19:04:05 2017 -0600

    Added pydoc3 and coverage-3.5 to .travis.yml

commit e549ad1601f782668a6eca5b826ac0b5743d23b8
Author: Kyle Kimery <kylekimery@utexas.edu>
Date:   Tue Jan 24 18:51:48 2017 -0600

    Updated .travis.yml to set language to 3.5

commit 8e09342c91d1122b3919043e91cd8b6b9ffd23b3
Author: Kyle Kimery <kylekimery@utexas.edu>
Date:   Tue Jan 24 18:29:53 2017 -0600

    added .travis.yml file to dev

commit f98b7b7623ce76469cff166458c9833abf12cd8f
Author: Kyle Kimery <kylekimery@utexas.edu>
Date:   Tue Jan 24 18:19:30 2017 -0600

    .gitignore should now be working
