1 1 1
1 9 20
998 1002 143
1001 1020 156
2 1 2
107218 946752 525
433240 633904 509
713851 529945 509
668756 262318 509
439301 225621 449
801151 608319 509
847 565696 470
484284 176813 449
261944 151130 443
903047 216925 525
951000 311908 525
152528 756716 509
632471 468758 509
668383 398156 509
330544 841961 525
230009 282603 443
948978 428253 525
420508 316282 449
77833 412348 449
179829 773230 509
412779 915727 525
241354 738736 509
828242 743765 468
982951 867933 507
935789 252540 525
257142 135477 443
64096 650651 509
901727 219668 525
771851 691478 504
558256 969416 525
377319 705398 509
109658 611489 470
463645 500692 426
877788 764540 525
683385 350618 509
563453 649898 509
63418 927824 525
668099 622154 509
479027 74053 449
104704 406105 443
705919 258524 509
372885 854498 525
21152 561968 470
503991 418023 444
7616 536556 470
456938 700562 509
364464 851145 525
819544 393897 509
333638 478544 449
141831 276057 443
99168 655920 509
685363 489687 509
739114 415004 509
575767 746908 509
238120 488926 449
435197 993993 525
497425 632610 509
202933 667074 509
190709 787866 509
508712 103413 449
270073 918034 525
187719 956208 525
299643 59766 443
300451 632842 509
872396 908419 445
369727 491968 449
766421 294921 509
41192 160937 383
218017 977466 525
50842 267017 443
58759 993636 525
664453 169097 509
241625 269900 407
503343 22093 449
173301 490431 449
221083 97812 386
785221 278443 509
142094 684980 509
136295 655803 509
298854 447636 449
81770 620781 470
605993 387063 470
390519 872342 525
200039 320796 443
756951 790495 468
342351 377232 441
360097 521225 470
302581 979724 525
248770 386873 441
906411 233239 525
103809 77172 341
792922 82344 509
524252 724309 509
432959 320772 449
858497 438635 525
828038 693415 504
811259 850109 525
251471 57650 443
657454 895768 525
186853 120588 383
329946 179826 443
986727 850334 507
616281 410800 470
914851 521985 525
984916 643181 525
377345 174176 443
989222 611577 525
402106 742664 509
456911 669323 509
16270 930265 525
548137 761308 509
277131 933896 525
114512 506891 449
501437 617141 470
631093 898344 525
360326 892837 525
819225 191315 509
575729 786862 509
472549 754097 509
371391 570760 470
